<?xml version="1.0" encoding="UTF-8"?>
<!-- Generated by org.testng.reporters.JUnitXMLReporter -->
<testsuite hostname="SM-5016" ignored="0" name="Test" tests="3" failures="0" timestamp="19 Sep 2019 10:18:54 GMT" time="69.518" errors="0">
  <testcase name="loginPageSignUp" time="0.073" classname="VGIS.qa.Test.VonageLoginTest"/>
  <testcase name="loginPageSignUp" time="2.299" classname="VGIS.qa.Test.LoginPageTest"/>
  <testcase name="crmLogoImageTest" time="0.065" classname="VGIS.qa.Test.VonageLoginTest"/>
</testsuite> <!-- Test -->
