<?xml version="1.0" encoding="UTF-8"?>
<!-- Generated by org.testng.reporters.JUnitXMLReporter -->
<testsuite hostname="SM-5016" ignored="0" name="Test" tests="3" failures="0" timestamp="19 Sep 2019 10:43:10 GMT" time="66.645" errors="0">
  <testcase name="loginPageSignUp" time="0.072" classname="VGIS.qa.Test.VonageLoginTest"/>
  <testcase name="loginPageSignUp" time="2.414" classname="VGIS.qa.Test.LoginPageTest"/>
  <testcase name="crmLogoImageTest" time="0.053" classname="VGIS.qa.Test.VonageLoginTest"/>
</testsuite> <!-- Test -->
