<?xml version="1.0" encoding="UTF-8"?>
<testng-results skipped="0" failed="0" ignored="0" total="3" passed="3">
  <reporter-output>
  </reporter-output>
  <suite name="Suite" duration-ms="66645" started-at="2019-09-19T10:42:04Z" finished-at="2019-09-19T10:43:10Z">
    <groups>
    </groups>
    <test name="Test" duration-ms="66645" started-at="2019-09-19T10:42:04Z" finished-at="2019-09-19T10:43:10Z">
      <class name="VGIS.qa.Test.VonageLoginTest">
        <test-method status="PASS" signature="setUp()[pri:0, instance:VGIS.qa.Test.VonageLoginTest@4cb2c100]" name="setUp" is-config="true" duration-ms="20130" started-at="2019-09-19T10:42:04Z" finished-at="2019-09-19T10:42:24Z">
          <reporter-output>
          </reporter-output>
        </test-method> <!-- setUp -->
        <test-method status="PASS" signature="loginPageSignUp()[pri:1, instance:VGIS.qa.Test.VonageLoginTest@4cb2c100]" name="loginPageSignUp" duration-ms="72" started-at="2019-09-19T10:42:24Z" finished-at="2019-09-19T10:42:24Z">
          <reporter-output>
          </reporter-output>
        </test-method> <!-- loginPageSignUp -->
        <test-method status="PASS" signature="setUp()[pri:0, instance:VGIS.qa.Test.VonageLoginTest@4cb2c100]" name="setUp" is-config="true" duration-ms="18849" started-at="2019-09-19T10:42:51Z" finished-at="2019-09-19T10:43:10Z">
          <reporter-output>
          </reporter-output>
        </test-method> <!-- setUp -->
        <test-method status="PASS" signature="crmLogoImageTest()[pri:2, instance:VGIS.qa.Test.VonageLoginTest@4cb2c100]" name="crmLogoImageTest" duration-ms="53" started-at="2019-09-19T10:43:10Z" finished-at="2019-09-19T10:43:10Z">
          <reporter-output>
          </reporter-output>
        </test-method> <!-- crmLogoImageTest -->
      </class> <!-- VGIS.qa.Test.VonageLoginTest -->
      <class name="VGIS.qa.Test.LoginPageTest">
        <test-method status="PASS" signature="setUp()[pri:0, instance:VGIS.qa.Test.LoginPageTest@6fb554cc]" name="setUp" is-config="true" duration-ms="25101" started-at="2019-09-19T10:42:24Z" finished-at="2019-09-19T10:42:49Z">
          <reporter-output>
          </reporter-output>
        </test-method> <!-- setUp -->
        <test-method status="PASS" signature="loginPageSignUp()[pri:1, instance:VGIS.qa.Test.LoginPageTest@6fb554cc]" name="loginPageSignUp" duration-ms="2414" started-at="2019-09-19T10:42:49Z" finished-at="2019-09-19T10:42:51Z">
          <reporter-output>
          </reporter-output>
        </test-method> <!-- loginPageSignUp -->
      </class> <!-- VGIS.qa.Test.LoginPageTest -->
    </test> <!-- Test -->
  </suite> <!-- Suite -->
</testng-results>
